  vboplane.cpp
c:\program files (x86)\microsoft visual studio\2017\community\vc\tools\msvc\14.10.25017\include\gl\gl.h : warning C4819: 현재 코드 페이지(949)에서 표시할 수 없는 문자가 파일에 들어 있습니다. 데이터가 손실되지 않게 하려면 해당 파일을 유니코드 형식으로 저장하십시오.
c:\program files (x86)\microsoft visual studio\2017\community\vc\tools\msvc\14.10.25017\include\gl\gl.h : warning C4819: 현재 코드 페이지(949)에서 표시할 수 없는 문자가 파일에 들어 있습니다. 데이터가 손실되지 않게 하려면 해당 파일을 유니코드 형식으로 저장하십시오.
  vbomesh.cpp
c:\program files (x86)\microsoft visual studio\2017\community\vc\tools\msvc\14.10.25017\include\gl\gl.h : warning C4819: 현재 코드 페이지(949)에서 표시할 수 없는 문자가 파일에 들어 있습니다. 데이터가 손실되지 않게 하려면 해당 파일을 유니코드 형식으로 저장하십시오.
c:\program files (x86)\microsoft visual studio\2017\community\vc\tools\msvc\14.10.25017\include\gl\gl.h : warning C4819: 현재 코드 페이지(949)에서 표시할 수 없는 문자가 파일에 들어 있습니다. 데이터가 손실되지 않게 하려면 해당 파일을 유니코드 형식으로 저장하십시오.
c:\users\ajtwl\desktop\school\3-2\인터랙티브컴퓨터그래픽스\과제\실습2\kny_graphics_project2\kny_graphics_project2\vbomesh.cpp(280): warning C4267: '초기화 중': 'size_t'에서 'int'(으)로 변환하면서 데이터가 손실될 수 있습니다.
c:\users\ajtwl\desktop\school\3-2\인터랙티브컴퓨터그래픽스\과제\실습2\kny_graphics_project2\kny_graphics_project2\vbomesh.cpp(281): warning C4267: '=': 'size_t'에서 'unsigned int'(으)로 변환하면서 데이터가 손실될 수 있습니다.
  phong.cpp
c:\program files (x86)\microsoft visual studio\2017\community\vc\tools\msvc\14.10.25017\include\gl\gl.h : warning C4819: 현재 코드 페이지(949)에서 표시할 수 없는 문자가 파일에 들어 있습니다. 데이터가 손실되지 않게 하려면 해당 파일을 유니코드 형식으로 저장하십시오.
c:\program files (x86)\microsoft visual studio\2017\community\vc\tools\msvc\14.10.25017\include\gl\gl.h : warning C4819: 현재 코드 페이지(949)에서 표시할 수 없는 문자가 파일에 들어 있습니다. 데이터가 손실되지 않게 하려면 해당 파일을 유니코드 형식으로 저장하십시오.
c:\users\ajtwl\desktop\school\3-2\인터랙티브컴퓨터그래픽스\과제\실습2\kny_graphics_project2\kny_graphics_project2\phong.cpp(45): warning C4244: '초기화 중': 'double'에서 'float'(으)로 변환하면서 데이터가 손실될 수 있습니다.
c:\users\ajtwl\desktop\school\3-2\인터랙티브컴퓨터그래픽스\과제\실습2\kny_graphics_project2\kny_graphics_project2\phong.cpp(57): warning C4305: '인수': 'double'에서 'GLfloat'(으)로 잘립니다.
c:\users\ajtwl\desktop\school\3-2\인터랙티브컴퓨터그래픽스\과제\실습2\kny_graphics_project2\kny_graphics_project2\phong.cpp(58): warning C4305: '인수': 'double'에서 'GLfloat'(으)로 잘립니다.
c:\users\ajtwl\desktop\school\3-2\인터랙티브컴퓨터그래픽스\과제\실습2\kny_graphics_project2\kny_graphics_project2\phong.cpp(122): warning C4244: '인수': 'double'에서 'GLfloat'(으)로 변환하면서 데이터가 손실될 수 있습니다.
c:\users\ajtwl\desktop\school\3-2\인터랙티브컴퓨터그래픽스\과제\실습2\kny_graphics_project2\kny_graphics_project2\phong.cpp(161): warning C4244: '인수': 'double'에서 'GLfloat'(으)로 변환하면서 데이터가 손실될 수 있습니다.
  glusupport.cpp
c:\program files (x86)\microsoft visual studio\2017\community\vc\tools\msvc\14.10.25017\include\gl\gl.h : warning C4819: 현재 코드 페이지(949)에서 표시할 수 없는 문자가 파일에 들어 있습니다. 데이터가 손실되지 않게 하려면 해당 파일을 유니코드 형식으로 저장하십시오.
c:\program files (x86)\microsoft visual studio\2017\community\vc\tools\msvc\14.10.25017\include\gl\gl.h : warning C4819: 현재 코드 페이지(949)에서 표시할 수 없는 문자가 파일에 들어 있습니다. 데이터가 손실되지 않게 하려면 해당 파일을 유니코드 형식으로 저장하십시오.
  camera.cpp
c:\program files (x86)\microsoft visual studio\2017\community\vc\tools\msvc\14.10.25017\include\gl\gl.h : warning C4819: 현재 코드 페이지(949)에서 표시할 수 없는 문자가 파일에 들어 있습니다. 데이터가 손실되지 않게 하려면 해당 파일을 유니코드 형식으로 저장하십시오.
c:\program files (x86)\microsoft visual studio\2017\community\vc\tools\msvc\14.10.25017\include\gl\gl.h : warning C4819: 현재 코드 페이지(949)에서 표시할 수 없는 문자가 파일에 들어 있습니다. 데이터가 손실되지 않게 하려면 해당 파일을 유니코드 형식으로 저장하십시오.
c:\users\ajtwl\desktop\school\3-2\인터랙티브컴퓨터그래픽스\과제\실습2\kny_graphics_project2\kny_graphics_project2\camera.cpp(32): warning C4244: '=': 'double'에서 'float'(으)로 변환하면서 데이터가 손실될 수 있습니다.
c:\users\ajtwl\desktop\school\3-2\인터랙티브컴퓨터그래픽스\과제\실습2\kny_graphics_project2\kny_graphics_project2\camera.cpp(33): warning C4244: '=': 'double'에서 'float'(으)로 변환하면서 데이터가 손실될 수 있습니다.
c:\users\ajtwl\desktop\school\3-2\인터랙티브컴퓨터그래픽스\과제\실습2\kny_graphics_project2\kny_graphics_project2\camera.cpp(34): warning C4244: '=': 'double'에서 'float'(으)로 변환하면서 데이터가 손실될 수 있습니다.
c:\users\ajtwl\desktop\school\3-2\인터랙티브컴퓨터그래픽스\과제\실습2\kny_graphics_project2\kny_graphics_project2\camera.cpp(47): warning C4244: '=': 'double'에서 'float'(으)로 변환하면서 데이터가 손실될 수 있습니다.
c:\users\ajtwl\desktop\school\3-2\인터랙티브컴퓨터그래픽스\과제\실습2\kny_graphics_project2\kny_graphics_project2\camera.cpp(49): warning C4244: '=': 'double'에서 'float'(으)로 변환하면서 데이터가 손실될 수 있습니다.
c:\users\ajtwl\desktop\school\3-2\인터랙티브컴퓨터그래픽스\과제\실습2\kny_graphics_project2\kny_graphics_project2\camera.cpp(52): warning C4244: '=': 'double'에서 'float'(으)로 변환하면서 데이터가 손실될 수 있습니다.
c:\users\ajtwl\desktop\school\3-2\인터랙티브컴퓨터그래픽스\과제\실습2\kny_graphics_project2\kny_graphics_project2\camera.cpp(60): warning C4244: '초기화 중': 'double'에서 'GLfloat'(으)로 변환하면서 데이터가 손실될 수 있습니다.
c:\users\ajtwl\desktop\school\3-2\인터랙티브컴퓨터그래픽스\과제\실습2\kny_graphics_project2\kny_graphics_project2\camera.cpp(67): warning C4244: '=': 'double'에서 'float'(으)로 변환하면서 데이터가 손실될 수 있습니다.
  코드를 생성하고 있습니다...
  kny_graphics_project2.vcxproj -> C:\Users\ajtwl\Desktop\School\3-2\인터랙티브컴퓨터그래픽스\과제\실습2\kny_graphics_project2\x64\Debug\kny_graphics_project2.exe
  kny_graphics_project2.vcxproj -> C:\Users\ajtwl\Desktop\School\3-2\인터랙티브컴퓨터그래픽스\과제\실습2\kny_graphics_project2\x64\Debug\kny_graphics_project2.pdb (Partial PDB)
